# JRE version: OpenJDK Runtime Environment (17.0.6) (build 17.0.6+0-b2043.56-10027231)
# Java VM: OpenJDK 64-Bit Server VM (17.0.6+0-b2043.56-10027231, mixed mode, tiered, compressed oops, compressed class ptrs, g1 gc, windows-amd64)
GC Precious Log:
 CPUs: 8 total, 8 available
 Memory: 7915M
 Large Page Support: Disabled
 NUMA Support: Disabled
 Compressed Oops: Enabled (32-bit)
 Heap Region Size: 1M
 Heap Min Capacity: 8M
 Heap Initial Capacity: 124M
 Heap Max Capacity: 1980M
 Pre-touch: Disabled
 Parallel Workers: 8
 Concurrent Workers: 2
 Concurrent Refinement Workers: 8
 Periodic GC: Disabled
Heap:
 garbage-first heap   total 61440K, used 25263K [0x0000000084400000, 0x0000000100000000)
  region size 1024K, 12 young (12288K), 4 survivors (4096K)
 Metaspace       used 43964K, committed 44160K, reserved 1089536K
  class space    used 5409K, committed 5504K, reserved 1048576K
GC Heap History (16 events):
Event: 1.329 GC heap before
***REMOVED***Heap before GC invocations=0 (full 0):
 garbage-first heap   total 126976K, used 27648K [0x0000000084400000, 0x0000000100000000)
  region size 1024K, 23 young (23552K), 0 survivors (0K)
 Metaspace       used 13349K, committed 13440K, reserved 1064960K
  class space    used 1289K, committed 1344K, reserved 1048576K
***REMOVED***
Event: 1.355 GC heap after
***REMOVED***Heap after GC invocations=1 (full 0):
 garbage-first heap   total 126976K, used 6899K [0x0000000084400000, 0x0000000100000000)
  region size 1024K, 3 young (3072K), 3 survivors (3072K)
 Metaspace       used 13349K, committed 13440K, reserved 1064960K
  class space    used 1289K, committed 1344K, reserved 1048576K
***REMOVED***
Event: 3.239 GC heap before
***REMOVED***Heap before GC invocations=1 (full 0):
 garbage-first heap   total 126976K, used 38643K [0x0000000084400000, 0x0000000100000000)
  region size 1024K, 35 young (35840K), 3 survivors (3072K)
 Metaspace       used 21331K, committed 21504K, reserved 1073152K
  class space    used 2334K, committed 2432K, reserved 1048576K
***REMOVED***
Event: 3.266 GC heap after
***REMOVED***Heap after GC invocations=2 (full 0):
 garbage-first heap   total 126976K, used 10254K [0x0000000084400000, 0x0000000100000000)
  region size 1024K, 4 young (4096K), 4 survivors (4096K)
 Metaspace       used 21331K, committed 21504K, reserved 1073152K
  class space    used 2334K, committed 2432K, reserved 1048576K
***REMOVED***
Event: 4.634 GC heap before
***REMOVED***Heap before GC invocations=3 (full 0):
 garbage-first heap   total 40960K, used 30734K [0x0000000084400000, 0x0000000100000000)
  region size 1024K, 24 young (24576K), 4 survivors (4096K)
 Metaspace       used 28126K, committed 28352K, reserved 1081344K
  class space    used 3465K, committed 3520K, reserved 1048576K
***REMOVED***
Event: 4.644 GC heap after
***REMOVED***Heap after GC invocations=4 (full 0):
 garbage-first heap   total 40960K, used 11107K [0x0000000084400000, 0x0000000100000000)
  region size 1024K, 1 young (1024K), 1 survivors (1024K)
 Metaspace       used 28126K, committed 28352K, reserved 1081344K
  class space    used 3465K, committed 3520K, reserved 1048576K
***REMOVED***
Event: 4.679 GC heap before
***REMOVED***Heap before GC invocations=4 (full 0):
 garbage-first heap   total 40960K, used 12131K [0x0000000084400000, 0x0000000100000000)
  region size 1024K, 2 young (2048K), 1 survivors (1024K)
 Metaspace       used 28517K, committed 28736K, reserved 1081344K
  class space    used 3548K, committed 3648K, reserved 1048576K
***REMOVED***
Event: 4.687 GC heap after
***REMOVED***Heap after GC invocations=5 (full 0):
 garbage-first heap   total 40960K, used 11561K [0x0000000084400000, 0x0000000100000000)
  region size 1024K, 1 young (1024K), 1 survivors (1024K)
 Metaspace       used 28517K, committed 28736K, reserved 1081344K
  class space    used 3548K, committed 3648K, reserved 1048576K
***REMOVED***
Event: 5.696 GC heap before
***REMOVED***Heap before GC invocations=5 (full 0):
 garbage-first heap   total 40960K, used 33065K [0x0000000084400000, 0x0000000100000000)
  region size 1024K, 20 young (20480K), 1 survivors (1024K)
 Metaspace       used 31155K, committed 31360K, reserved 1081344K
  class space    used 4033K, committed 4160K, reserved 1048576K
***REMOVED***
Event: 5.711 GC heap after
***REMOVED***Heap after GC invocations=6 (full 0):
 garbage-first heap   total 40960K, used 17590K [0x0000000084400000, 0x0000000100000000)
  region size 1024K, 3 young (3072K), 3 survivors (3072K)
 Metaspace       used 31155K, committed 31360K, reserved 1081344K
  class space    used 4033K, committed 4160K, reserved 1048576K
***REMOVED***
Event: 6.257 GC heap before
***REMOVED***Heap before GC invocations=6 (full 0):
 garbage-first heap   total 40960K, used 30902K [0x0000000084400000, 0x0000000100000000)
  region size 1024K, 16 young (16384K), 3 survivors (3072K)
 Metaspace       used 34379K, committed 34688K, reserved 1081344K
  class space    used 4391K, committed 4544K, reserved 1048576K
***REMOVED***
Event: 6.267 GC heap after
***REMOVED***Heap after GC invocations=7 (full 0):
 garbage-first heap   total 40960K, used 17036K [0x0000000084400000, 0x0000000100000000)
  region size 1024K, 2 young (2048K), 2 survivors (2048K)
 Metaspace       used 34379K, committed 34688K, reserved 1081344K
  class space    used 4391K, committed 4544K, reserved 1048576K
***REMOVED***
Event: 6.754 GC heap before
***REMOVED***Heap before GC invocations=7 (full 0):
 garbage-first heap   total 40960K, used 23180K [0x0000000084400000, 0x0000000100000000)
  region size 1024K, 9 young (9216K), 2 survivors (2048K)
 Metaspace       used 35775K, committed 35968K, reserved 1081344K
  class space    used 4546K, committed 4672K, reserved 1048576K
***REMOVED***
Event: 6.759 GC heap after
***REMOVED***Heap after GC invocations=8 (full 0):
 garbage-first heap   total 64512K, used 17876K [0x0000000084400000, 0x0000000100000000)
  region size 1024K, 1 young (1024K), 1 survivors (1024K)
 Metaspace       used 35775K, committed 35968K, reserved 1081344K
  class space    used 4546K, committed 4672K, reserved 1048576K
***REMOVED***
Event: 7.862 GC heap before
***REMOVED***Heap before GC invocations=9 (full 0):
 garbage-first heap   total 61440K, used 45524K [0x0000000084400000, 0x0000000100000000)
  region size 1024K, 29 young (29696K), 1 survivors (1024K)
 Metaspace       used 41633K, committed 41920K, reserved 1089536K
  class space    used 5114K, committed 5248K, reserved 1048576K
***REMOVED***
Event: 7.868 GC heap after
***REMOVED***Heap after GC invocations=10 (full 0):
 garbage-first heap   total 61440K, used 19119K [0x0000000084400000, 0x0000000100000000)
  region size 1024K, 4 young (4096K), 4 survivors (4096K)
 Metaspace       used 41633K, committed 41920K, reserved 1089536K
  class space    used 5114K, committed 5248K, reserved 1048576K
***REMOVED***

