# JRE version: OpenJDK Runtime Environment (17.0.6) (build 17.0.6+0-b2043.56-10027231)
# Java VM: OpenJDK 64-Bit Server VM (17.0.6+0-b2043.56-10027231, mixed mode, tiered, compressed oops, compressed class ptrs, g1 gc, windows-amd64)
GC Precious Log:
 CPUs: 8 total, 8 available
 Memory: 7915M
 Large Page Support: Disabled
 NUMA Support: Disabled
 Compressed Oops: Enabled (32-bit)
 Heap Region Size: 1M
 Heap Min Capacity: 8M
 Heap Initial Capacity: 124M
 Heap Max Capacity: 1980M
 Pre-touch: Disabled
 Parallel Workers: 8
 Concurrent Workers: 2
 Concurrent Refinement Workers: 8
 Periodic GC: Disabled
Heap:
 garbage-first heap   total 64512K, used 32661K [0x0000000084400000, 0x0000000100000000)
  region size 1024K, 10 young (10240K), 3 survivors (3072K)
 Metaspace       used 47541K, committed 47744K, reserved 1097728K
  class space    used 5809K, committed 5888K, reserved 1048576K
GC Heap History (20 events):
Event: 2.657 GC heap before
***REMOVED***Heap before GC invocations=3 (full 0):
 garbage-first heap   total 40960K, used 30731K [0x0000000084400000, 0x0000000100000000)
  region size 1024K, 24 young (24576K), 4 survivors (4096K)
 Metaspace       used 28084K, committed 28224K, reserved 1081344K
  class space    used 3458K, committed 3520K, reserved 1048576K
***REMOVED***
Event: 2.668 GC heap after
***REMOVED***Heap after GC invocations=4 (full 0):
 garbage-first heap   total 40960K, used 11400K [0x0000000084400000, 0x0000000100000000)
  region size 1024K, 2 young (2048K), 2 survivors (2048K)
 Metaspace       used 28084K, committed 28224K, reserved 1081344K
  class space    used 3458K, committed 3520K, reserved 1048576K
***REMOVED***
Event: 2.710 GC heap before
***REMOVED***Heap before GC invocations=4 (full 0):
 garbage-first heap   total 40960K, used 12424K [0x0000000084400000, 0x0000000100000000)
  region size 1024K, 3 young (3072K), 2 survivors (2048K)
 Metaspace       used 28484K, committed 28672K, reserved 1081344K
  class space    used 3545K, committed 3648K, reserved 1048576K
***REMOVED***
Event: 2.715 GC heap after
***REMOVED***Heap after GC invocations=5 (full 0):
 garbage-first heap   total 40960K, used 11562K [0x0000000084400000, 0x0000000100000000)
  region size 1024K, 1 young (1024K), 1 survivors (1024K)
 Metaspace       used 28484K, committed 28672K, reserved 1081344K
  class space    used 3545K, committed 3648K, reserved 1048576K
***REMOVED***
Event: 3.503 GC heap before
***REMOVED***Heap before GC invocations=5 (full 0):
 garbage-first heap   total 40960K, used 33066K [0x0000000084400000, 0x0000000100000000)
  region size 1024K, 20 young (20480K), 1 survivors (1024K)
 Metaspace       used 31115K, committed 31360K, reserved 1081344K
  class space    used 4028K, committed 4160K, reserved 1048576K
***REMOVED***
Event: 3.518 GC heap after
***REMOVED***Heap after GC invocations=6 (full 0):
 garbage-first heap   total 40960K, used 17408K [0x0000000084400000, 0x0000000100000000)
  region size 1024K, 3 young (3072K), 3 survivors (3072K)
 Metaspace       used 31115K, committed 31360K, reserved 1081344K
  class space    used 4028K, committed 4160K, reserved 1048576K
***REMOVED***
Event: 4.018 GC heap before
***REMOVED***Heap before GC invocations=6 (full 0):
 garbage-first heap   total 40960K, used 30720K [0x0000000084400000, 0x0000000100000000)
  region size 1024K, 17 young (17408K), 3 survivors (3072K)
 Metaspace       used 34632K, committed 34880K, reserved 1081344K
  class space    used 4418K, committed 4544K, reserved 1048576K
***REMOVED***
Event: 4.026 GC heap after
***REMOVED***Heap after GC invocations=7 (full 0):
 garbage-first heap   total 40960K, used 16940K [0x0000000084400000, 0x0000000100000000)
  region size 1024K, 2 young (2048K), 2 survivors (2048K)
 Metaspace       used 34632K, committed 34880K, reserved 1081344K
  class space    used 4418K, committed 4544K, reserved 1048576K
***REMOVED***
Event: 4.306 GC heap before
***REMOVED***Heap before GC invocations=7 (full 0):
 garbage-first heap   total 40960K, used 23084K [0x0000000084400000, 0x0000000100000000)
  region size 1024K, 9 young (9216K), 2 survivors (2048K)
 Metaspace       used 35776K, committed 35968K, reserved 1081344K
  class space    used 4549K, committed 4672K, reserved 1048576K
***REMOVED***
Event: 4.310 GC heap after
***REMOVED***Heap after GC invocations=8 (full 0):
 garbage-first heap   total 40960K, used 17864K [0x0000000084400000, 0x0000000100000000)
  region size 1024K, 1 young (1024K), 1 survivors (1024K)
 Metaspace       used 35776K, committed 35968K, reserved 1081344K
  class space    used 4549K, committed 4672K, reserved 1048576K
***REMOVED***
Event: 4.752 GC heap before
***REMOVED***Heap before GC invocations=9 (full 0):
 garbage-first heap   total 40960K, used 29128K [0x0000000084400000, 0x0000000100000000)
  region size 1024K, 13 young (13312K), 1 survivors (1024K)
 Metaspace       used 38139K, committed 38336K, reserved 1089536K
  class space    used 4778K, committed 4864K, reserved 1048576K
***REMOVED***
Event: 4.755 GC heap after
***REMOVED***Heap after GC invocations=10 (full 0):
 garbage-first heap   total 40960K, used 18917K [0x0000000084400000, 0x0000000100000000)
  region size 1024K, 2 young (2048K), 2 survivors (2048K)
 Metaspace       used 38139K, committed 38336K, reserved 1089536K
  class space    used 4778K, committed 4864K, reserved 1048576K
***REMOVED***
Event: 4.843 GC heap before
***REMOVED***Heap before GC invocations=10 (full 0):
 garbage-first heap   total 40960K, used 18917K [0x0000000084400000, 0x0000000100000000)
  region size 1024K, 3 young (3072K), 2 survivors (2048K)
 Metaspace       used 38391K, committed 38592K, reserved 1089536K
  class space    used 4794K, committed 4928K, reserved 1048576K
***REMOVED***
Event: 4.852 GC heap after
***REMOVED***Heap after GC invocations=11 (full 0):
 garbage-first heap   total 40960K, used 18229K [0x0000000084400000, 0x0000000100000000)
  region size 1024K, 1 young (1024K), 1 survivors (1024K)
 Metaspace       used 38391K, committed 38592K, reserved 1089536K
  class space    used 4794K, committed 4928K, reserved 1048576K
***REMOVED***
Event: 5.526 GC heap before
***REMOVED***Heap before GC invocations=11 (full 0):
 garbage-first heap   total 40960K, used 29493K [0x0000000084400000, 0x0000000100000000)
  region size 1024K, 13 young (13312K), 1 survivors (1024K)
 Metaspace       used 40824K, committed 41088K, reserved 1089536K
  class space    used 5019K, committed 5120K, reserved 1048576K
***REMOVED***
Event: 5.530 GC heap after
***REMOVED***Heap after GC invocations=12 (full 0):
 garbage-first heap   total 64512K, used 18963K [0x0000000084400000, 0x0000000100000000)
  region size 1024K, 2 young (2048K), 2 survivors (2048K)
 Metaspace       used 40824K, committed 41088K, reserved 1089536K
  class space    used 5019K, committed 5120K, reserved 1048576K
***REMOVED***
Event: 7.978 GC heap before
***REMOVED***Heap before GC invocations=12 (full 0):
 garbage-first heap   total 64512K, used 47635K [0x0000000084400000, 0x0000000100000000)
  region size 1024K, 28 young (28672K), 2 survivors (2048K)
 Metaspace       used 47128K, committed 47360K, reserved 1097728K
  class space    used 5786K, committed 5888K, reserved 1048576K
***REMOVED***
Event: 7.991 GC heap after
***REMOVED***Heap after GC invocations=13 (full 0):
 garbage-first heap   total 64512K, used 24003K [0x0000000084400000, 0x0000000100000000)
  region size 1024K, 4 young (4096K), 4 survivors (4096K)
 Metaspace       used 47128K, committed 47360K, reserved 1097728K
  class space    used 5786K, committed 5888K, reserved 1048576K
***REMOVED***
Event: 8.718 GC heap before
***REMOVED***Heap before GC invocations=13 (full 0):
 garbage-first heap   total 64512K, used 47555K [0x0000000084400000, 0x0000000100000000)
  region size 1024K, 27 young (27648K), 4 survivors (4096K)
 Metaspace       used 47442K, committed 47680K, reserved 1097728K
  class space    used 5797K, committed 5888K, reserved 1048576K
***REMOVED***
Event: 8.734 GC heap after
***REMOVED***Heap after GC invocations=14 (full 0):
 garbage-first heap   total 64512K, used 26517K [0x0000000084400000, 0x0000000100000000)
  region size 1024K, 3 young (3072K), 3 survivors (3072K)
 Metaspace       used 47442K, committed 47680K, reserved 1097728K
  class space    used 5797K, committed 5888K, reserved 1048576K
***REMOVED***

